293 Personen · 12-Monats-Grenze: 2025-05-30
  … 10000 Mails
  … 20000 Mails
  … 30000 Mails
  … 40000 Mails
  … 50000 Mails
  … 60000 Mails
  … 70000 Mails
  … 80000 Mails
  … 90000 Mails
✓ Mail: 91742 Nachrichten gescannt.
  … 250/1372 Chats
  … 400/1372 Chats
  … 600/1372 Chats
  … 650/1372 Chats
  … 800/1372 Chats
  … 900/1372 Chats
  … 1050/1372 Chats
✓ Teams: 1372 Chats (969 Meeting-Chats übersprungen, 0 ohne Zugriff).

Top 15 nach Interaktionen (lebenslang / 12M):
   4649 /  601   Alessandro Castelli             (Mail 1274<-/2426-> · Teams 949)
   3627 /  624   Raoul Elias Miraglia            (Mail 1647<-/1129-> · Teams 851)
   1854 /  914   Michael Kipfer                  (Mail 256<-/348-> · Teams 1250)
    981 /  288   Elvira Miraglia                 (Mail 302<-/668-> · Teams 11)
    913 /  185   Remo Pfister                    (Mail 371<-/295-> · Teams 247)
    821 /  821   Antonio Canonica                (Mail 184<-/103-> · Teams 534)
    756 /  446   Ringwald, Stefanie              (Mail 245<-/207-> · Teams 304)
    674 /  104   Franc Lechthaler                (Mail 333<-/259-> · Teams 82)
    649 /   65   Tatjana Holzmann                (Mail 313<-/336-> · Teams 0)
    641 /   47   Schuler Bernhard                (Mail 325<-/316-> · Teams 0)
    585 /   73   Karin Schmidt                   (Mail 294<-/270-> · Teams 21)
    526 /  136   Erik Wirz                       (Mail 278<-/199-> · Teams 49)
    525 /   32   Jan Kottucz                     (Mail 259<-/266-> · Teams 0)
    456 /   79   Verena Trachsler                (Mail 251<-/196-> · Teams 9)
    438 /   79   Markus Berger Intern            (Mail 198<-/177-> · Teams 63)

✓ 269 Notizen aktualisiert · 269 mit Interaktionen.
